
-------------------- Trial 0  --------------------

Trial 0 Training MaxEntTrainer,gaussianPriorVariance=1.0 with 46451 instances
Trial 0 Training MaxEntTrainer,gaussianPriorVariance=1.0 finished
Trial 0 Trainer MaxEntTrainer,gaussianPriorVariance=1.0 training data accuracy= 0.7733525650685669
Trial 0 Trainer MaxEntTrainer,gaussianPriorVariance=1.0 Test Data Confusion Matrix
Confusion Matrix, row=true, column=predicted  accuracy=0.6369946917109024
    label   0   1   2   3   4   5   6   7   8   9  10  11  12  13  14  15  16  17  18  19  20  21  22  23  24  25  26  27  28  29  30  31  32  33  34  35  36  37  38  39  40  41  42  43  44  |total
  0   NNP  85  23   3   5   5   2   1   3  44   4   5   1   .   4   2   1   2   .   1   .   .   .   .   1   .   5   1   .   .   3   .   .   .   4   2   .   .   .   .   .   .   .   .   .   .  |207
  1 comma   2  85   .   .   1   .   .   6   4  17   .   .   .   1   1   .   1   .   3   .   .   .   .   .   .   3   .   .   2   .   .   .   1   .   .   .   1   2   .   .   .   .   .   .   .  |130
  2    CD   4   .  31   .   2   1   1   2  12   9   .   .   .   1   .   1   .   .   .   1   .   .   .   1   .   .   .   .   .   .   .   .   .   3   .   .   .   .   .   .   .   .   .   .   .  |69
  3   NNS   2   2   1  68   1   1   1   3  19   9   1   2   .   2   2   .   .   5   .   .   1   .   .   .   .   .   1   .   .   .   .   .   .   .   .   .   .   .   .   .   .   .   .   .   .  |121
  4    JJ   7   2   .   4  51   .   2   2  46   9   2   .   .   1   .   2   3   3   .   .   .   .   1   .   .   .   1   .   .   .   .   .   .   1   .   .   .   .   .   .   .   .   .   .   .  |137
  5    MD   .   2   .   .   .  21   .   1   1   2   .   .   .   .   .   .   1   .   .   .   3   .   .   .   .   .   .   .   .   .   .   .   .   .   .   .   .   .   .   .   .   .   .   .   .  |31
  6    VB   .   .   .   .   1   .  83   .   4   1   .   .   .   .   .   .   1   1   .   .   .   .   .   1   .   .   .   .   .   .   .   1   .   1   .   .   .   .   .   .   .   .   .   .   .  |94
  7    DT   2   1   1   .   1   .   1 217   4   8   1   2   .   1   .   .   4   .   .   1   1   .   .   .   .   .   .   .   .   1   .   .   .   .   .   .   .   .   .   .   .   .   .   .   .  |246
  8    NN   6   9  10   3   9   3   2   6 255  13   2   2   1   3   2   .   1   1   1   .   1   2   .   .   .   5   .   .   1   1   1   .   .   .   .   .   .   .   .   .   .   .   .   .   .  |340
  9    IN   3  13   3   1   .   1   .  19  10 159   1   1   1   2   1   .   4   6   6   .   1   .   .   .   .   3   1   .   .   .   .   .   .   .   .   .   .   .   .   .   .   .   .   .   .  |236
 10     .   .   1   .   .   .   1   .   .   1   .  92   .   .   .   .   .   1   .   .   .   .   .   .   .   .   .   .   .   3   .   .   .   .   .   .   .   .   .   .   .   .   .   .   .   .  |99
 11   VBZ   1   2   .   3   .   1   1   .   4   8   1  39   .   1   .   .   .   2   .   .   .   1   .   .   .   2   .   .   .   1   .   .   .   .   .   .   .   .   .   .   .   .   .   .   .  |67
 12   VBG   1   2   .   3   .   .   .   .  10   2   .   .  22   1   .   .   .   .   1   .   .   .   3   .   .   .   .   .   .   .   .   1   .   .   .   .   .   .   .   .   .   .   .   .   .  |46
 13    CC   1   1   .   .   .   .   .   1   2   1   .   .   .  41   .   .   .   .   .   .   .   .   .   .   .   .   .   .   .   .   .   1   .   .   .   .   .   .   .   .   .   .   .   .   .  |48
 14   VBD   1   3   1   2   2   .   1   1   8   6   1   1   .   .  48   1   3   .   2   .   .   1   .   .   .   .   .   .   .   .   .   .   .   .   .   .   .   .   .   .   .   .   .   .   .  |82
 15   VBN   .   .   1   .   2   .   1   3   5   2   1   .   1   1   2  29   4   .   .   .   .   .   .   .   .   .   .   .   .   .   .   .   .   .   .   .   .   .   .   .   .   .   .   .   .  |52
 16    RB   2   2   2   .   6   .   2   5   4  10   1   .   .   2   1   1  36   2   2   .   .   .   1   1   .   .   .   .   .   .   .   1   .   .   .   .   .   .   .   .   .   .   .   .   .  |81
 17    TO   2   .   1   .   2   .   2   5   2   7   .   .   .   1   .   1   1  40   .   .   .   .   .   2   .   .   .   .   .   .   .   .   .   .   .   .   .   .   .   .   .   .   .   .   .  |66
 18   PRP   .   1   .   .   .   .   2   1   .   4   .   .   .   .   .   .   .   .  49   .   .   1   1   1   .   .   2   .   .   2   .   .   .   1   .   .   .   .   .   .   .   .   .   .   .  |65
 19   RBR   .   1   .   .   .   .   .   .   2   .   .   1   .   .   .   .   1   .   .   2   .   .   .   .   .   .   .   .   .   .   .   2   .   .   .   .   .   .   .   .   .   .   .   .   .  |9
 20   WDT   .   .   .   1   .   .   .   .   .   3   .   .   .   .   1   .   .   .   1   .  10   1   .   .   .   .   .   .   .   .   .   .   .   .   .   .   .   1   .   .   .   .   .   .   .  |18
 21   VBP   .   1   .   .   .   .   .   1   2   .   .   .   .   .   .   .   .   .   2   .   .  22   .   .   .   1   .   .   .   1   .   .   .   .   .   .   .   .   .   .   .   .   .   .   .  |30
 22    RP   .   2   .   .   .   .   .   .   .   7   1   .   .   .   .   .   1   3   .   .   .   .   7   .   .   .   .   .   .   .   .   .   1   .   .   .   .   .   .   .   .   .   .   .   .  |22
 23  PRP$   2   .   .   .   .   .   .   .   .   1   .   .   .   1   .   .   .   1   .   .   .   .   .  15   .   .   .   .   .   .   .   .   .   .   .   .   .   .   .   .   .   .   .   .   .  |20
 24   JJS   .   .   .   .   .   .   .   1   2   .   .   .   .   .   .   .   .   .   .   .   .   .   .   .   2   1   .   .   .   .   .   .   .   .   .   .   .   .   .   .   .   .   .   .   .  |6
 25   POS   .   2   .   .   .   .   .   .   .   .   .   .   .   .   .   .   .   .   .   .   .   .   .   .   .  19   .   .   .   .   .   .   .   .   .   .   .   .   .   .   .   .   .   .   .  |21
 26    ``   2   2   .   .   .   .   .   2   2   3   .   .   .   .   .   .   1   .   4   .   .   .   .   .   .   .   8   .   .   .   .   .   .   .   .   .   .   .   .   .   .   .   .   .   .  |24
 27    EX   .   .   .   .   .   .   .   .   .   .   .   .   .   .   .   .   .   .   .   .   .   .   .   .   .   .   .   .   .   .   .   .   .   .   .   .   .   .   .   .   .   .   .   .   .  |0
 28    ''   2   .   .   .   .   .   .   .   2   2   .   2   .   .   2   .   1   .   2   .   .   .   .   .   .   .   1   .  10   .   .   .   .   .   .   .   .   .   .   .   .   .   .   .   .  |24
 29    WP   .   .   .   .   .   .   .   1   .   2   .   .   .   .   .   .   .   .   .   .   .   .   .   .   .   1   .   .   .   4   .   .   .   .   .   .   .   .   .   .   .   .   .   .   .  |8
 30     :   .   1   .   .   .   .   .   .   .   1   4   .   .   1   .   .   .   .   .   .   .   .   .   .   .   .   1   .   .   .   .   .   .   .   .   .   .   .   .   .   .   .   .   .   .  |8
 31   JJR   .   1   .   .   1   .   .   .   1   .   .   .   .   .   .   .   .   .   .   .   .   .   .   .   .   .   .   .   .   .   .   3   .   .   .   .   .   .   .   .   .   .   .   .   .  |6
 32   WRB   .   .   .   .   .   .   2   1   .   .   .   .   .   .   .   .   .   .   2   .   .   .   .   .   .   .   .   .   .   .   .   .   2   .   .   .   .   .   .   .   .   .   .   .   .  |7
 33     $   .   .   2   .   .   .   .   .   .   .   .   .   .   .   .   .   .   .   .   .   .   .   .   1   .   .   .   .   .   .   .   .   .   5   .   .   .   .   .   .   .   .   .   .   .  |8
 34  NNPS   .   .   .   .   .   .   .   .   .   .   .   .   .   .   .   .   .   .   .   .   .   .   .   .   .   .   .   .   .   .   .   .   .   .   .   .   .   .   .   .   .   .   .   .   .  |0
 35   WP$   .   .   .   .   .   .   .   .   .   .   .   .   .   .   .   .   .   .   .   .   .   .   .   .   .   .   1   .   .   .   .   .   .   .   .   .   .   .   .   .   .   .   .   .   .  |1
 36 -LRB-   .   3   .   .   .   .   .   .   .   2   .   .   .   .   .   .   .   .   .   .   .   .   .   .   .   .   .   .   .   .   .   .   .   .   .   .   .   .   .   .   .   .   .   .   .  |5
 37 -RRB-   .   2   .   .   .   1   .   .   .   1   .   1   .   1   1   .   .   .   .   .   .   .   .   .   .   .   .   .   .   1   .   .   .   .   .   .   .   .   .   .   .   .   .   .   .  |8
 38   PDT   .   .   .   .   .   .   .   1   .   .   .   .   .   .   .   .   .   .   .   .   .   .   .   .   .   .   .   .   .   .   .   .   .   .   .   .   .   .   .   .   .   .   .   .   .  |1
 39   RBS   .   .   .   .   .   .   .   .   .   .   .   .   .   .   .   .   .   .   .   .   .   .   .   .   .   1   .   .   .   .   .   .   .   .   .   .   .   .   .   .   .   .   .   .   .  |1
 40    FW   .   .   .   .   .   .   .   .   2   .   .   .   .   .   .   .   .   .   .   .   .   .   .   .   .   .   .   .   .   .   .   .   .   .   .   .   .   .   .   .   .   .   .   .   .  |2
 41    UH   .   .   .   .   .   .   .   .   .   .   .   .   .   .   .   .   .   .   .   .   .   .   .   .   .   .   .   .   .   .   .   .   .   .   .   .   .   .   .   .   .   .   .   .   .  |0
 42   SYM   .   .   .   .   .   .   .   .   .   .   .   .   .   .   .   .   .   .   .   .   .   .   .   .   .   .   .   .   .   .   .   .   .   .   .   .   .   .   .   .   .   .   .   .   .  |0
 43    LS   .   .   2   .   .   .   .   .   .   .   .   1   .   .   .   .   .   .   .   .   .   .   .   .   .   .   .   .   .   .   .   .   .   .   .   .   .   .   .   .   .   .   .   .   .  |3
 44     #   .   .   .   .   .   .   .   .   .   .   .   .   .   .   .   .   .   .   .   .   .   .   .   .   .   .   .   .   .   .   .   .   .   .   .   .   .   .   .   .   .   .   .   .   .  |0

Trial 0 Trainer MaxEntTrainer,gaussianPriorVariance=1.0 test data accuracy= 0.6369946917109024

MaxEntTrainer,gaussianPriorVariance=1.0
Summary. train accuracy mean = 0.7733525650685669 stddev = 0.0 stderr = 0.0
Summary. test accuracy mean = 0.6369946917109024 stddev = 0.0 stderr = 0.0
