
-------------------- Trial 0  --------------------

Trial 0 Training MaxEntTrainer,gaussianPriorVariance=1.0 with 46451 instances
Trial 0 Training MaxEntTrainer,gaussianPriorVariance=1.0 finished
Trial 0 Trainer MaxEntTrainer,gaussianPriorVariance=1.0 training data accuracy= 0.7517599190544876
Trial 0 Trainer MaxEntTrainer,gaussianPriorVariance=1.0 Test Data Confusion Matrix
Confusion Matrix, row=true, column=predicted  accuracy=0.5896284197631686
    label   0   1   2   3   4   5   6   7   8   9  10  11  12  13  14  15  16  17  18  19  20  21  22  23  24  25  26  27  28  29  30  31  32  33  34  35  36  37  38  39  40  41  42  43  44  |total
  0   NNP  62  32   4   3   6   .   2   4  59   7   3   1   .   4   3   .   2   3   .   .   .   .   .   .   .   5   2   .   .   1   .   .   .   2   1   .   1   .   .   .   .   .   .   .   .  |207
  1 comma   3  78   .   1   2   .   .   3   7  21   .   1   .   1   2   .   1   .   3   .   1   .   1   .   .   3   .   .   .   .   .   .   1   .   .   .   1   .   .   .   .   .   .   .   .  |130
  2    CD   1   .  24   1   6   1   1   6  12   9   .   .   .   1   .   .   .   2   .   1   .   .   .   2   .   .   .   .   .   .   .   .   .   1   .   .   1   .   .   .   .   .   .   .   .  |69
  3   NNS   2   5   .  59   3   1   .   7  26   4   .   .   .   1   2   1   .   7   .   .   .   2   .   .   .   .   1   .   .   .   .   .   .   .   .   .   .   .   .   .   .   .   .   .   .  |121
  4    JJ   7   4   1   7  52   .   2   2  43   5   2   1   .   1   .   1   4   4   .   .   .   .   .   .   .   .   1   .   .   .   .   .   .   .   .   .   .   .   .   .   .   .   .   .   .  |137
  5    MD   1   2   .   .   .  21   .   1   1   2   .   .   .   .   1   .   .   .   .   .   2   .   .   .   .   .   .   .   .   .   .   .   .   .   .   .   .   .   .   .   .   .   .   .   .  |31
  6    VB   .   1   .   .   2   .  75   3   3   1   .   .   .   1   .   .   1   4   1   .   .   .   .   1   .   .   .   .   .   .   .   1   .   .   .   .   .   .   .   .   .   .   .   .   .  |94
  7    DT   .   .   1   .   .   .   2 212   8   8   1   2   .   2   .   .   4   1   1   1   .   .   2   .   .   .   .   .   .   1   .   .   .   .   .   .   .   .   .   .   .   .   .   .   .  |246
  8    NN   7  15   7   1   8   3   1   6 256  16   1   2   3   5   2   .   2   2   1   .   .   .   .   .   .   2   .   .   .   .   .   .   .   .   .   .   .   .   .   .   .   .   .   .   .  |340
  9    IN   1  15   2   1   4   2   .  24  19 138   1   1   .   2   2   1   3   8   6   .   .   1   1   1   .   2   1   .   .   .   .   .   .   .   .   .   .   .   .   .   .   .   .   .   .  |236
 10     .   .   1   .   .   .   1   .   .   .   .  94   .   .   .   .   .   1   .   .   .   .   .   .   .   .   .   .   .   2   .   .   .   .   .   .   .   .   .   .   .   .   .   .   .   .  |99
 11   VBZ   4   2   .   2   .   .   1   .   5   2   1  32   1   2   .   .   1   4   1   .   .   3   .   .   .   2   .   .   .   1   .   .   .   .   .   .   .   3   .   .   .   .   .   .   .  |67
 12   VBG   .   2   .   2   .   .   1   5   8   3   .   .  16   2   .   1   .   2   1   .   .   .   2   1   .   .   .   .   .   .   .   .   .   .   .   .   .   .   .   .   .   .   .   .   .  |46
 13    CC   2   2   1   .   .   .   .   .   4   .   .   .   .  39   .   .   .   .   .   .   .   .   .   .   .   .   .   .   .   .   .   .   .   .   .   .   .   .   .   .   .   .   .   .   .  |48
 14   VBD   3   5   1   1   2   .   .   6   5   9   .   3   .   2  33   2   3   .   3   .   .   3   .   .   .   .   .   .   .   .   .   .   .   1   .   .   .   .   .   .   .   .   .   .   .  |82
 15   VBN   .   2   1   .   2   .   1   6   5   1   1   .   1   1   1  25   4   1   .   .   .   .   .   .   .   .   .   .   .   .   .   .   .   .   .   .   .   .   .   .   .   .   .   .   .  |52
 16    RB   2   3   1   .   2   .   1   4   6  14   1   1   .   2   2   2  27   4   4   .   .   .   2   2   .   .   .   .   .   .   .   1   .   .   .   .   .   .   .   .   .   .   .   .   .  |81
 17    TO   2   1   1   1   2   .   2   2   2   5   .   .   .   .   .   2   2  42   1   .   .   .   .   1   .   .   .   .   .   .   .   .   .   .   .   .   .   .   .   .   .   .   .   .   .  |66
 18   PRP   .   1   .   .   .   .   2   1   .   3   .   1   .   .   .   .   1   .  49   .   .   .   1   1   .   .   4   .   .   1   .   .   .   .   .   .   .   .   .   .   .   .   .   .   .  |65
 19   RBR   .   1   .   .   1   .   .   .   .   .   .   1   .   .   .   .   1   .   .   1   .   .   .   .   .   .   .   .   .   .   .   4   .   .   .   .   .   .   .   .   .   .   .   .   .  |9
 20   WDT   .   .   .   1   .   .   .   .   1   1   .   1   .   .   1   .   .   .   1   .  10   .   .   .   .   1   .   .   .   .   .   .   .   .   .   .   .   1   .   .   .   .   .   .   .  |18
 21   VBP   .   1   .   .   .   .   .   1   .   1   .   .   .   .   1   .   .   .   2   .   .  22   .   .   .   1   .   .   .   1   .   .   .   .   .   .   .   .   .   .   .   .   .   .   .  |30
 22    RP   .   2   .   .   .   .   .   .   .   5   1   .   .   .   .   .   2   4   .   .   .   1   7   .   .   .   .   .   .   .   .   .   .   .   .   .   .   .   .   .   .   .   .   .   .  |22
 23  PRP$   1   .   .   .   .   .   .   .   1   1   .   .   .   .   .   .   .   1   .   .   .   .   .  16   .   .   .   .   .   .   .   .   .   .   .   .   .   .   .   .   .   .   .   .   .  |20
 24   JJS   .   .   .   .   .   .   .   1   2   .   .   .   .   .   .   .   .   .   .   .   .   .   .   .   2   1   .   .   .   .   .   .   .   .   .   .   .   .   .   .   .   .   .   .   .  |6
 25   POS   2   1   .   .   .   .   .   .   1   .   .   .   .   .   .   .   .   .   .   .   .   .   .   .   .  17   .   .   .   .   .   .   .   .   .   .   .   .   .   .   .   .   .   .   .  |21
 26    ``   3   2   .   .   1   .   .   3   1   4   .   .   .   .   .   .   1   .   2   .   .   .   .   .   .   .   7   .   .   .   .   .   .   .   .   .   .   .   .   .   .   .   .   .   .  |24
 27    EX   .   .   .   .   .   .   .   .   .   .   .   .   .   .   .   .   .   .   .   .   .   .   .   .   .   .   .   .   .   .   .   .   .   .   .   .   .   .   .   .   .   .   .   .   .  |0
 28    ''   3   1   1   .   .   .   .   .   .   1   .   1   1   .   2   .   1   .   2   .   .   .   .   .   .   .   .   .  11   .   .   .   .   .   .   .   .   .   .   .   .   .   .   .   .  |24
 29    WP   .   .   .   .   .   .   .   1   .   1   .   .   .   .   .   .   .   .   .   .   .   .   .   .   .   1   .   .   .   5   .   .   .   .   .   .   .   .   .   .   .   .   .   .   .  |8
 30     :   .   1   .   .   .   .   .   .   .   1   4   .   .   1   .   .   .   .   .   .   .   .   .   .   .   .   1   .   .   .   .   .   .   .   .   .   .   .   .   .   .   .   .   .   .  |8
 31   JJR   .   .   .   .   1   .   .   .   1   .   .   .   .   .   .   .   .   .   .   1   .   .   .   .   .   .   .   .   .   .   .   3   .   .   .   .   .   .   .   .   .   .   .   .   .  |6
 32   WRB   .   .   .   .   .   .   1   1   .   .   .   .   .   .   .   .   .   .   .   .   .   .   .   .   .   .   .   .   .   .   1   .   4   .   .   .   .   .   .   .   .   .   .   .   .  |7
 33     $   .   .   3   .   .   .   .   .   .   1   .   .   .   .   .   .   .   .   .   .   .   .   .   .   .   .   .   .   .   .   .   .   .   4   .   .   .   .   .   .   .   .   .   .   .  |8
 34  NNPS   .   .   .   .   .   .   .   .   .   .   .   .   .   .   .   .   .   .   .   .   .   .   .   .   .   .   .   .   .   .   .   .   .   .   .   .   .   .   .   .   .   .   .   .   .  |0
 35   WP$   1   .   .   .   .   .   .   .   .   .   .   .   .   .   .   .   .   .   .   .   .   .   .   .   .   .   .   .   .   .   .   .   .   .   .   .   .   .   .   .   .   .   .   .   .  |1
 36 -LRB-   .   3   .   .   .   .   .   .   .   2   .   .   .   .   .   .   .   .   .   .   .   .   .   .   .   .   .   .   .   .   .   .   .   .   .   .   .   .   .   .   .   .   .   .   .  |5
 37 -RRB-   .   2   .   .   .   1   .   .   1   .   .   .   .   1   1   .   .   .   .   .   .   .   .   .   .   .   .   .   .   1   .   .   .   .   .   .   .   1   .   .   .   .   .   .   .  |8
 38   PDT   .   .   .   .   .   .   .   1   .   .   .   .   .   .   .   .   .   .   .   .   .   .   .   .   .   .   .   .   .   .   .   .   .   .   .   .   .   .   .   .   .   .   .   .   .  |1
 39   RBS   .   .   .   .   .   .   .   .   .   1   .   .   .   .   .   .   .   .   .   .   .   .   .   .   .   .   .   .   .   .   .   .   .   .   .   .   .   .   .   .   .   .   .   .   .  |1
 40    FW   .   .   .   .   .   .   .   .   2   .   .   .   .   .   .   .   .   .   .   .   .   .   .   .   .   .   .   .   .   .   .   .   .   .   .   .   .   .   .   .   .   .   .   .   .  |2
 41    UH   .   .   .   .   .   .   .   .   .   .   .   .   .   .   .   .   .   .   .   .   .   .   .   .   .   .   .   .   .   .   .   .   .   .   .   .   .   .   .   .   .   .   .   .   .  |0
 42   SYM   .   .   .   .   .   .   .   .   .   .   .   .   .   .   .   .   .   .   .   .   .   .   .   .   .   .   .   .   .   .   .   .   .   .   .   .   .   .   .   .   .   .   .   .   .  |0
 43    LS   2   .   .   .   .   .   .   .   .   .   .   1   .   .   .   .   .   .   .   .   .   .   .   .   .   .   .   .   .   .   .   .   .   .   .   .   .   .   .   .   .   .   .   .   .  |3
 44     #   .   .   .   .   .   .   .   .   .   .   .   .   .   .   .   .   .   .   .   .   .   .   .   .   .   .   .   .   .   .   .   .   .   .   .   .   .   .   .   .   .   .   .   .   .  |0

Trial 0 Trainer MaxEntTrainer,gaussianPriorVariance=1.0 test data accuracy= 0.5896284197631686

MaxEntTrainer,gaussianPriorVariance=1.0
Summary. train accuracy mean = 0.7517599190544876 stddev = 0.0 stderr = 0.0
Summary. test accuracy mean = 0.5896284197631686 stddev = 0.0 stderr = 0.0
