
-------------------- Trial 0  --------------------

Trial 0 Training MaxEntTrainer,gaussianPriorVariance=1.0 with 46451 instances
Trial 0 Training MaxEntTrainer,gaussianPriorVariance=1.0 finished
Trial 0 Trainer MaxEntTrainer,gaussianPriorVariance=1.0 training data accuracy= 0.6970786420098598
Trial 0 Trainer MaxEntTrainer,gaussianPriorVariance=1.0 Test Data Confusion Matrix
Confusion Matrix, row=true, column=predicted  accuracy=0.6116782360146998
    label   0   1   2   3   4   5   6   7   8   9  10  11  12  13  14  15  16  17  18  19  20  21  22  23  24  25  26  27  28  29  30  31  32  33  34  35  36  37  38  39  40  41  42  43  44  |total
  0   NNP 121   3   2   5  16   .   1   3  36   1   1   2   2   .   3   2   3   .   .   .   .   .   .   .   .   5   .   .   .   1   .   .   .   .   .   .   .   .   .   .   .   .   .   .   .  |207
  1 comma   4  79   .   1   2   1   .   3   5  20   .   .   .   1   2   .   1   .   6   .   1   .   .   .   .   3   .   .   1   .   .   .   .   .   .   .   .   .   .   .   .   .   .   .   .  |130
  2    CD   3   .  23   1   4   1   .   4  12  10   .   .   1   1   .   1   3   1   .   1   .   .   .   2   .   .   1   .   .   .   .   .   .   .   .   .   .   .   .   .   .   .   .   .   .  |69
  3   NNS   9   2   1  52   5   1   1   1  31   7   .   .   3   .   2   1   1   1   .   .   .   2   .   .   .   .   1   .   .   .   .   .   .   .   .   .   .   .   .   .   .   .   .   .   .  |121
  4    JJ  17   1   1   7  60   .   1   1  31   5   .   1   .   .   .   4   4   3   .   .   .   .   .   .   .   .   1   .   .   .   .   .   .   .   .   .   .   .   .   .   .   .   .   .   .  |137
  5    MD   .   2   .   .   .  20   .   1   1   2   .   1   .   .   .   .   .   .   .   .   4   .   .   .   .   .   .   .   .   .   .   .   .   .   .   .   .   .   .   .   .   .   .   .   .  |31
  6    VB   1   .   2   1   3   .  81   2   1   .   .   .   .   1   .   .   2   .   .   .   .   .   .   .   .   .   .   .   .   .   .   .   .   .   .   .   .   .   .   .   .   .   .   .   .  |94
  7    DT   1   .   1   .   .   .   2 214   7  11   1   2   .   1   .   .   3   .   1   .   .   .   1   .   .   .   .   .   .   1   .   .   .   .   .   .   .   .   .   .   .   .   .   .   .  |246
  8    NN  21   9   9  12  16   3   2   3 232  12   1   5   1   3   3   2   2   .   1   .   1   .   .   .   .   .   1   .   .   .   1   .   .   .   .   .   .   .   .   .   .   .   .   .   .  |340
  9    IN   2  15   2   2   3   2   .  21  14 147   1   1   2   2   2   .   2   7   4   .   .   1   .   1   .   3   2   .   .   .   .   .   .   .   .   .   .   .   .   .   .   .   .   .   .  |236
 10     .   .   1   .   .   .   1   .   .   2   .  92   .   .   .   .   .   1   .   .   .   .   .   .   .   .   .   .   .   2   .   .   .   .   .   .   .   .   .   .   .   .   .   .   .   .  |99
 11   VBZ   5   2   1   5   .   .   1   .   9   3   .  30   2   1   3   .   .   2   .   .   .   .   .   .   .   2   .   .   .   1   .   .   .   .   .   .   .   .   .   .   .   .   .   .   .  |67
 12   VBG   1   1   .   3   4   .   1   2   7   3   .   1  16   .   1   2   3   .   .   .   .   1   .   .   .   .   .   .   .   .   .   .   .   .   .   .   .   .   .   .   .   .   .   .   .  |46
 13    CC   1   1   .   1   .   .   .   1   2   .   .   .   .  42   .   .   .   .   .   .   .   .   .   .   .   .   .   .   .   .   .   .   .   .   .   .   .   .   .   .   .   .   .   .   .  |48
 14   VBD   7   3   1   5   4   .   .   1   5   5   .   4   1   .  35   2   4   .   1   .   .   2   1   .   .   1   .   .   .   .   .   .   .   .   .   .   .   .   .   .   .   .   .   .   .  |82
 15   VBN   2   1   2   .   5   .   1   3   3   2   .   .   3   1   .  25   4   .   .   .   .   .   .   .   .   .   .   .   .   .   .   .   .   .   .   .   .   .   .   .   .   .   .   .   .  |52
 16    RB   5   2   1   4   6   .   2   4   4   9   .   1   1   1   3   2  28   4   2   .   .   .   2   .   .   .   .   .   .   .   .   .   .   .   .   .   .   .   .   .   .   .   .   .   .  |81
 17    TO   2   .   .   .   1   .   1   2   1   8   .   .   .   .   .   1   2  46   1   .   .   .   .   1   .   .   .   .   .   .   .   .   .   .   .   .   .   .   .   .   .   .   .   .   .  |66
 18   PRP   .   1   .   1   .   .   2   1   .   4   .   .   .   .   .   .   1   .  47   .   .   1   1   2   .   .   3   .   .   1   .   .   .   .   .   .   .   .   .   .   .   .   .   .   .  |65
 19   RBR   .   1   .   .   2   .   .   .   1   .   .   .   .   .   1   .   1   .   .   1   .   .   .   .   .   .   .   .   .   .   .   2   .   .   .   .   .   .   .   .   .   .   .   .   .  |9
 20   WDT   .   .   .   1   .   .   .   .   .   2   .   1   .   .   1   .   .   .   1   .   9   1   .   .   .   1   .   .   .   .   .   .   .   .   .   .   .   1   .   .   .   .   .   .   .  |18
 21   VBP   .   .   .   .   .   .   .   1   .   1   .   .   .   .   1   .   .   .   2   .   .  23   .   .   .   1   .   .   .   1   .   .   .   .   .   .   .   .   .   .   .   .   .   .   .  |30
 22    RP   .   3   .   .   1   .   .   .   1   5   .   .   .   .   .   .   1   4   .   .   .   .   7   .   .   .   .   .   .   .   .   .   .   .   .   .   .   .   .   .   .   .   .   .   .  |22
 23  PRP$   1   .   .   .   .   .   .   .   1   2   .   .   .   .   .   .   .   .   .   .   .   .   .  16   .   .   .   .   .   .   .   .   .   .   .   .   .   .   .   .   .   .   .   .   .  |20
 24   JJS   .   .   .   1   .   .   .   1   1   .   .   .   .   .   .   .   .   .   .   .   .   .   .   .   2   1   .   .   .   .   .   .   .   .   .   .   .   .   .   .   .   .   .   .   .  |6
 25   POS   2   .   .   .   .   .   .   .   1   1   .   .   .   .   .   .   .   .   .   .   .   .   .   .   .  17   .   .   .   .   .   .   .   .   .   .   .   .   .   .   .   .   .   .   .  |21
 26    ``   .   1   .   .   .   .   .   3   2   4   .   .   .   .   .   .   1   .   3   .   .   .   .   .   .   .  10   .   .   .   .   .   .   .   .   .   .   .   .   .   .   .   .   .   .  |24
 27    EX   .   .   .   .   .   .   .   .   .   .   .   .   .   .   .   .   .   .   .   .   .   .   .   .   .   .   .   .   .   .   .   .   .   .   .   .   .   .   .   .   .   .   .   .   .  |0
 28    ''   3   1   1   .   .   .   .   .   1   1   .   1   1   .   1   .   1   .   3   .   .   .   .   .   .   .   .   .  10   .   .   .   .   .   .   .   .   .   .   .   .   .   .   .   .  |24
 29    WP   .   .   .   .   .   .   .   1   .   2   .   .   .   .   .   .   .   .   .   .   .   .   .   .   .   1   .   .   .   4   .   .   .   .   .   .   .   .   .   .   .   .   .   .   .  |8
 30     :   .   1   .   .   .   .   .   .   .   1   4   .   .   1   .   .   .   .   .   .   .   .   .   .   .   .   1   .   .   .   .   .   .   .   .   .   .   .   .   .   .   .   .   .   .  |8
 31   JJR   .   1   .   .   2   .   .   .   2   .   .   .   .   .   .   .   .   .   .   .   .   .   .   .   .   .   .   .   .   .   .   1   .   .   .   .   .   .   .   .   .   .   .   .   .  |6
 32   WRB   .   .   1   .   .   .   1   1   .   .   .   .   .   .   .   .   .   .   .   .   .   .   .   .   .   .   .   .   .   .   1   .   3   .   .   .   .   .   .   .   .   .   .   .   .  |7
 33     $   .   .   2   .   .   .   .   .   .   1   .   .   .   .   .   .   .   .   .   .   .   .   .   .   .   .   .   .   .   .   .   .   .   5   .   .   .   .   .   .   .   .   .   .   .  |8
 34  NNPS   .   .   .   .   .   .   .   .   .   .   .   .   .   .   .   .   .   .   .   .   .   .   .   .   .   .   .   .   .   .   .   .   .   .   .   .   .   .   .   .   .   .   .   .   .  |0
 35   WP$   .   .   .   .   .   .   .   .   .   .   .   .   .   .   .   .   .   .   .   .   .   .   .   .   .   .   .   .   1   .   .   .   .   .   .   .   .   .   .   .   .   .   .   .   .  |1
 36 -LRB-   .   3   .   .   .   .   .   .   .   2   .   .   .   .   .   .   .   .   .   .   .   .   .   .   .   .   .   .   .   .   .   .   .   .   .   .   .   .   .   .   .   .   .   .   .  |5
 37 -RRB-   .   2   .   .   .   1   .   .   1   1   .   .   .   1   1   .   .   .   .   .   .   .   .   .   .   .   .   .   .   1   .   .   .   .   .   .   .   .   .   .   .   .   .   .   .  |8
 38   PDT   .   .   .   .   .   .   .   1   .   .   .   .   .   .   .   .   .   .   .   .   .   .   .   .   .   .   .   .   .   .   .   .   .   .   .   .   .   .   .   .   .   .   .   .   .  |1
 39   RBS   .   .   .   .   .   .   .   .   .   .   .   .   .   .   .   .   .   .   .   .   .   .   .   .   .   1   .   .   .   .   .   .   .   .   .   .   .   .   .   .   .   .   .   .   .  |1
 40    FW   .   .   .   .   .   .   .   .   2   .   .   .   .   .   .   .   .   .   .   .   .   .   .   .   .   .   .   .   .   .   .   .   .   .   .   .   .   .   .   .   .   .   .   .   .  |2
 41    UH   .   .   .   .   .   .   .   .   .   .   .   .   .   .   .   .   .   .   .   .   .   .   .   .   .   .   .   .   .   .   .   .   .   .   .   .   .   .   .   .   .   .   .   .   .  |0
 42   SYM   .   .   .   .   .   .   .   .   .   .   .   .   .   .   .   .   .   .   .   .   .   .   .   .   .   .   .   .   .   .   .   .   .   .   .   .   .   .   .   .   .   .   .   .   .  |0
 43    LS   .   .   2   .   .   .   .   .   .   .   .   1   .   .   .   .   .   .   .   .   .   .   .   .   .   .   .   .   .   .   .   .   .   .   .   .   .   .   .   .   .   .   .   .   .  |3
 44     #   .   .   .   .   .   .   .   .   .   .   .   .   .   .   .   .   .   .   .   .   .   .   .   .   .   .   .   .   .   .   .   .   .   .   .   .   .   .   .   .   .   .   .   .   .  |0

Trial 0 Trainer MaxEntTrainer,gaussianPriorVariance=1.0 test data accuracy= 0.6116782360146998

MaxEntTrainer,gaussianPriorVariance=1.0
Summary. train accuracy mean = 0.6970786420098598 stddev = 0.0 stderr = 0.0
Summary. test accuracy mean = 0.6116782360146998 stddev = 0.0 stderr = 0.0
