
-------------------- Trial 0  --------------------

Trial 0 Training MaxEntTrainer,gaussianPriorVariance=1.0 with 46451 instances
Trial 0 Training MaxEntTrainer,gaussianPriorVariance=1.0 finished
Trial 0 Trainer MaxEntTrainer,gaussianPriorVariance=1.0 training data accuracy= 0.7335041226238401
Trial 0 Trainer MaxEntTrainer,gaussianPriorVariance=1.0 Test Data Confusion Matrix
Confusion Matrix, row=true, column=predicted  accuracy=0.6002449979583504
    label   0   1   2   3   4   5   6   7   8   9  10  11  12  13  14  15  16  17  18  19  20  21  22  23  24  25  26  27  28  29  30  31  32  33  34  35  36  37  38  39  40  41  42  43  44  |total
  0   NNP  66  27  10   4   6   3   2   3  48   7   5   1   .   4   3   1   3   1   .   .   .   .   .   .   .   5   2   .   .   2   .   .   .   .   3   .   1   .   .   .   .   .   .   .   .  |207
  1 comma   4  76   .   1   1   .   .   3   4  23   .   .   .   1   2   .   1   .   6   .   1   .   .   .   .   3   .   .   1   .   .   .   1   .   .   .   .   2   .   .   .   .   .   .   .  |130
  2    CD   5   .  26   1   5   1   1   4  10  10   .   .   .   1   .   .   .   .   .   1   .   .   .   2   .   .   .   .   .   .   .   .   .   2   .   .   .   .   .   .   .   .   .   .   .  |69
  3   NNS   2   5   3  59   2   1   1   5  22   9   1   .   .   1   1   1   .   5   .   .   1   1   .   .   .   .   1   .   .   .   .   .   .   .   .   .   .   .   .   .   .   .   .   .   .  |121
  4    JJ   6   4   1   4  54   .   2   2  44   7   2   .   .   1   .   1   3   4   .   .   .   .   .   1   .   .   .   .   .   .   .   .   .   1   .   .   .   .   .   .   .   .   .   .   .  |137
  5    MD   .   2   .   .   .  20   .   1   1   2   .   .   .   .   1   .   1   .   .   .   3   .   .   .   .   .   .   .   .   .   .   .   .   .   .   .   .   .   .   .   .   .   .   .   .  |31
  6    VB   .   1   2   .   2   .  79   3   1   1   .   .   .   1   .   .   1   1   1   .   .   .   .   .   .   .   .   .   .   .   .   1   .   .   .   .   .   .   .   .   .   .   .   .   .  |94
  7    DT   2   .   1   .   1   .   2 210   7  11   1   2   .   2   .   .   3   1   .   .   1   .   .   .   .   .   1   .   .   1   .   .   .   .   .   .   .   .   .   .   .   .   .   .   .  |246
  8    NN   7  14  11   4  10   3   3   5 248  17   1   2   .   4   2   .   1   2   1   .   1   .   .   .   .   3   .   .   1   .   .   .   .   .   .   .   .   .   .   .   .   .   .   .   .  |340
  9    IN   3  13   3   .   3   1   .  24  12 150   1   1   .   2   1   .   2   8   7   .   1   .   .   1   .   3   .   .   .   .   .   .   .   .   .   .   .   .   .   .   .   .   .   .   .  |236
 10     .   .   1   .   1   .   1   .   .   2   .  91   .   .   .   .   .   1   .   .   .   .   .   .   .   .   .   .   .   2   .   .   .   .   .   .   .   .   .   .   .   .   .   .   .   .  |99
 11   VBZ   3   2   .   3   .   .   1   .   7   6   1  35   1   1   .   .   .   3   .   .   .   1   .   .   .   2   .   .   .   1   .   .   .   .   .   .   .   .   .   .   .   .   .   .   .  |67
 12   VBG   1   1   .   2   .   .   1   5   8   3   .   .  18   1   .   .   .   1   1   .   .   .   3   .   .   .   .   .   .   .   .   .   .   1   .   .   .   .   .   .   .   .   .   .   .  |46
 13    CC   1   3   .   .   .   .   .   1   2   .   .   .   .  41   .   .   .   .   .   .   .   .   .   .   .   .   .   .   .   .   .   .   .   .   .   .   .   .   .   .   .   .   .   .   .  |48
 14   VBD   4   3   2   1   1   .   .   5   4   9   .   1   .   .  40   2   4   .   2   .   .   4   .   .   .   .   .   .   .   .   .   .   .   .   .   .   .   .   .   .   .   .   .   .   .  |82
 15   VBN   1   2   .   .   1   .   1   4   3   3   1   .   1   1   1  28   4   .   .   .   .   .   .   1   .   .   .   .   .   .   .   .   .   .   .   .   .   .   .   .   .   .   .   .   .  |52
 16    RB   3   2   2   .   3   .   2   4   4  13   1   1   .   3   2   3  27   4   4   .   .   .   1   1   .   .   .   .   .   .   .   1   .   .   .   .   .   .   .   .   .   .   .   .   .  |81
 17    TO   2   .   1   .   1   .   2   2   1   8   .   .   .   1   .   1   1  44   .   .   .   .   .   2   .   .   .   .   .   .   .   .   .   .   .   .   .   .   .   .   .   .   .   .   .  |66
 18   PRP   .   1   .   .   .   .   2   1   .   4   .   .   .   .   .   .   .   .  49   .   .   1   1   1   .   .   3   .   .   1   .   .   .   1   .   .   .   .   .   .   .   .   .   .   .  |65
 19   RBR   .   1   .   .   .   .   .   .   2   .   .   1   .   .   .   .   1   .   .   3   .   .   .   .   .   .   .   .   .   .   .   1   .   .   .   .   .   .   .   .   .   .   .   .   .  |9
 20   WDT   .   .   .   1   .   .   .   .   .   3   .   1   .   .   1   .   .   .   1   .   9   1   .   .   .   .   .   .   .   .   .   .   .   .   .   .   .   1   .   .   .   .   .   .   .  |18
 21   VBP   .   1   .   .   .   .   .   1   1   1   .   .   .   .   .   .   .   .   2   .   .  22   .   .   .   1   .   .   .   1   .   .   .   .   .   .   .   .   .   .   .   .   .   .   .  |30
 22    RP   1   3   .   .   .   .   .   .   1   5   .   .   .   .   .   .   1   4   .   .   .   .   7   .   .   .   .   .   .   .   .   .   .   .   .   .   .   .   .   .   .   .   .   .   .  |22
 23  PRP$   1   .   .   .   .   .   .   .   .   1   .   .   .   .   .   .   .   1   .   .   .   .   .  17   .   .   .   .   .   .   .   .   .   .   .   .   .   .   .   .   .   .   .   .   .  |20
 24   JJS   .   .   .   .   .   .   .   .   2   1   .   .   .   .   .   .   .   .   .   .   .   .   .   .   2   1   .   .   .   .   .   .   .   .   .   .   .   .   .   .   .   .   .   .   .  |6
 25   POS   1   .   .   .   .   .   .   .   .   1   .   .   .   .   .   .   .   .   .   .   .   .   .   .   .  19   .   .   .   .   .   .   .   .   .   .   .   .   .   .   .   .   .   .   .  |21
 26    ``   2   1   .   .   .   .   .   3   2   3   .   .   .   .   .   .   1   .   3   .   .   .   .   .   .   .   9   .   .   .   .   .   .   .   .   .   .   .   .   .   .   .   .   .   .  |24
 27    EX   .   .   .   .   .   .   .   .   .   .   .   .   .   .   .   .   .   .   .   .   .   .   .   .   .   .   .   .   .   .   .   .   .   .   .   .   .   .   .   .   .   .   .   .   .  |0
 28    ''   3   1   1   .   .   .   .   .   2   1   .   1   .   .   1   .   1   .   2   .   .   .   .   .   .   .   .   .  11   .   .   .   .   .   .   .   .   .   .   .   .   .   .   .   .  |24
 29    WP   .   .   .   .   .   .   .   1   .   2   .   .   .   .   .   .   .   .   .   .   .   .   .   .   .   2   .   .   .   3   .   .   .   .   .   .   .   .   .   .   .   .   .   .   .  |8
 30     :   .   1   .   .   .   .   .   .   .   1   4   .   .   1   .   .   .   .   .   .   .   .   .   .   .   .   1   .   .   .   .   .   .   .   .   .   .   .   .   .   .   .   .   .   .  |8
 31   JJR   1   1   .   1   .   .   .   .   1   .   .   .   .   .   .   .   .   .   .   .   .   .   .   .   .   .   .   .   .   .   .   2   .   .   .   .   .   .   .   .   .   .   .   .   .  |6
 32   WRB   .   .   .   .   .   .   1   1   .   .   .   .   .   .   .   .   1   .   2   .   .   .   .   .   .   .   .   .   .   .   .   .   2   .   .   .   .   .   .   .   .   .   .   .   .  |7
 33     $   .   .   4   .   .   .   .   .   .   1   .   .   .   .   .   .   .   .   .   .   .   .   .   .   .   .   .   .   .   .   .   .   .   3   .   .   .   .   .   .   .   .   .   .   .  |8
 34  NNPS   .   .   .   .   .   .   .   .   .   .   .   .   .   .   .   .   .   .   .   .   .   .   .   .   .   .   .   .   .   .   .   .   .   .   .   .   .   .   .   .   .   .   .   .   .  |0
 35   WP$   1   .   .   .   .   .   .   .   .   .   .   .   .   .   .   .   .   .   .   .   .   .   .   .   .   .   .   .   .   .   .   .   .   .   .   .   .   .   .   .   .   .   .   .   .  |1
 36 -LRB-   .   3   .   .   .   .   .   .   .   2   .   .   .   .   .   .   .   .   .   .   .   .   .   .   .   .   .   .   .   .   .   .   .   .   .   .   .   .   .   .   .   .   .   .   .  |5
 37 -RRB-   .   2   .   .   .   1   .   .   .   2   .   .   .   1   1   .   .   .   .   .   .   .   .   .   .   .   .   .   .   1   .   .   .   .   .   .   .   .   .   .   .   .   .   .   .  |8
 38   PDT   .   .   .   .   .   .   .   1   .   .   .   .   .   .   .   .   .   .   .   .   .   .   .   .   .   .   .   .   .   .   .   .   .   .   .   .   .   .   .   .   .   .   .   .   .  |1
 39   RBS   .   .   .   .   .   .   .   .   .   1   .   .   .   .   .   .   .   .   .   .   .   .   .   .   .   .   .   .   .   .   .   .   .   .   .   .   .   .   .   .   .   .   .   .   .  |1
 40    FW   .   .   .   .   .   .   .   .   2   .   .   .   .   .   .   .   .   .   .   .   .   .   .   .   .   .   .   .   .   .   .   .   .   .   .   .   .   .   .   .   .   .   .   .   .  |2
 41    UH   .   .   .   .   .   .   .   .   .   .   .   .   .   .   .   .   .   .   .   .   .   .   .   .   .   .   .   .   .   .   .   .   .   .   .   .   .   .   .   .   .   .   .   .   .  |0
 42   SYM   .   .   .   .   .   .   .   .   .   .   .   .   .   .   .   .   .   .   .   .   .   .   .   .   .   .   .   .   .   .   .   .   .   .   .   .   .   .   .   .   .   .   .   .   .  |0
 43    LS   2   .   .   .   .   .   .   .   .   .   .   1   .   .   .   .   .   .   .   .   .   .   .   .   .   .   .   .   .   .   .   .   .   .   .   .   .   .   .   .   .   .   .   .   .  |3
 44     #   .   .   .   .   .   .   .   .   .   .   .   .   .   .   .   .   .   .   .   .   .   .   .   .   .   .   .   .   .   .   .   .   .   .   .   .   .   .   .   .   .   .   .   .   .  |0

Trial 0 Trainer MaxEntTrainer,gaussianPriorVariance=1.0 test data accuracy= 0.6002449979583504

MaxEntTrainer,gaussianPriorVariance=1.0
Summary. train accuracy mean = 0.7335041226238401 stddev = 0.0 stderr = 0.0
Summary. test accuracy mean = 0.6002449979583504 stddev = 0.0 stderr = 0.0
