
-------------------- Trial 0  --------------------

Trial 0 Training MaxEntTrainer,gaussianPriorVariance=1.0 with 46451 instances
Trial 0 Training MaxEntTrainer,gaussianPriorVariance=1.0 finished
Trial 0 Trainer MaxEntTrainer,gaussianPriorVariance=1.0 training data accuracy= 0.7271964005080622
Trial 0 Trainer MaxEntTrainer,gaussianPriorVariance=1.0 Test Data Confusion Matrix
Confusion Matrix, row=true, column=predicted  accuracy=0.6059616169865251
    label   0   1   2   3   4   5   6   7   8   9  10  11  12  13  14  15  16  17  18  19  20  21  22  23  24  25  26  27  28  29  30  31  32  33  34  35  36  37  38  39  40  41  42  43  44  |total
  0   NNP 112   6   3   7  14   .   1   4  32   5   1   3   1   2   4   1   3   .   .   .   .   .   .   .   .   5   1   .   .   1   .   .   .   .   .   .   1   .   .   .   .   .   .   .   .  |207
  1 comma   5  77   .   2   2   .   .   4   4  19   .   1   .   2   2   .   1   .   4   .   2   .   1   .   .   3   .   .   1   .   .   .   .   .   .   .   .   .   .   .   .   .   .   .   .  |130
  2    CD   2   .  24   1   8   1   1   5  10   8   .   .   1   1   .   1   1   .   .   1   .   .   .   2   .   .   .   .   .   .   .   .   .   1   .   .   1   .   .   .   .   .   .   .   .  |69
  3   NNS  10   3   .  54   5   1   1   4  27   5   1   1   1   .   2   1   1   2   .   .   .   1   .   .   .   .   1   .   .   .   .   .   .   .   .   .   .   .   .   .   .   .   .   .   .  |121
  4    JJ  12   1   1   8  63   .   2   1  30   6   1   1   .   1   .   2   4   3   .   .   .   .   .   .   .   1   .   .   .   .   .   .   .   .   .   .   .   .   .   .   .   .   .   .   .  |137
  5    MD   .   2   .   .   .  22   .   1   1   2   .   1   .   .   .   .   .   .   .   .   2   .   .   .   .   .   .   .   .   .   .   .   .   .   .   .   .   .   .   .   .   .   .   .   .  |31
  6    VB   .   .   2   .   6   .  79   2   1   .   .   1   .   1   .   .   .   .   1   .   .   .   .   1   .   .   .   .   .   .   .   .   .   .   .   .   .   .   .   .   .   .   .   .   .  |94
  7    DT   .   .   1   .   .   .   1 214   8  10   1   2   .   2   .   .   3   1   .   .   .   .   1   .   .   .   1   .   .   1   .   .   .   .   .   .   .   .   .   .   .   .   .   .   .  |246
  8    NN  25  11   3  14  14   2   1   5 229  15   .   6   2   4   2   1   2   .   1   .   .   .   .   .   .   1   2   .   .   .   .   .   .   .   .   .   .   .   .   .   .   .   .   .   .  |340
  9    IN   5  15   3   4   4   1   .  24  18 133   1   1   1   2   2   1   2   6   5   .   .   1   .   1   .   4   2   .   .   .   .   .   .   .   .   .   .   .   .   .   .   .   .   .   .  |236
 10     .   .   1   .   .   .   1   .   .   .   .  93   .   .   .   .   .   1   .   .   .   .   .   .   .   .   .   .   .   3   .   .   .   .   .   .   .   .   .   .   .   .   .   .   .   .  |99
 11   VBZ   4   2   .   5   .   .   1   1   8   1   .  33   1   2   1   .   .   2   1   .   .   .   .   .   .   2   .   .   .   1   .   .   .   .   .   .   .   2   .   .   .   .   .   .   .  |67
 12   VBG   1   1   .   3   3   .   1   4   9   3   .   .  15   1   .   2   2   .   .   .   .   1   .   .   .   .   .   .   .   .   .   .   .   .   .   .   .   .   .   .   .   .   .   .   .  |46
 13    CC   1   1   .   1   .   .   .   .   3   .   .   .   .  42   .   .   .   .   .   .   .   .   .   .   .   .   .   .   .   .   .   .   .   .   .   .   .   .   .   .   .   .   .   .   .  |48
 14   VBD   5   2   1   3   3   .   .   3   5   6   .   6   .   2  36   2   3   .   1   .   .   1   .   .   .   1   .   .   1   .   .   .   .   1   .   .   .   .   .   .   .   .   .   .   .  |82
 15   VBN   1   1   2   2   2   .   1   4   2   1   .   .   3   1   .  27   4   1   .   .   .   .   .   .   .   .   .   .   .   .   .   .   .   .   .   .   .   .   .   .   .   .   .   .   .  |52
 16    RB   2   1   1   4   3   .   2   4   7  13   .   1   1   1   1   1  28   3   4   1   .   .   2   1   .   .   .   .   .   .   .   .   .   .   .   .   .   .   .   .   .   .   .   .   .  |81
 17    TO   2   1   1   2   2   .   3   2   1   5   .   .   .   .   .   1   1  43   1   .   .   .   .   1   .   .   .   .   .   .   .   .   .   .   .   .   .   .   .   .   .   .   .   .   .  |66
 18   PRP   .   1   .   .   .   .   2   1   .   3   .   .   .   .   .   .   1   .  50   .   .   .   1   2   .   .   3   .   .   1   .   .   .   .   .   .   .   .   .   .   .   .   .   .   .  |65
 19   RBR   .   1   .   1   3   .   .   .   .   .   .   .   .   .   1   .   .   .   .   1   .   .   .   .   .   .   .   .   .   .   .   2   .   .   .   .   .   .   .   .   .   .   .   .   .  |9
 20   WDT   .   .   .   1   .   1   .   .   1   1   .   1   .   .   1   .   .   .   1   .   8   1   .   .   .   1   .   .   .   .   .   .   .   .   .   .   .   .   .   .   .   .   .   1   .  |18
 21   VBP   .   .   .   .   .   .   .   1   .   1   .   .   .   .   1   .   .   .   2   .   .  23   .   .   .   1   .   .   .   1   .   .   .   .   .   .   .   .   .   .   .   .   .   .   .  |30
 22    RP   .   2   .   .   1   .   .   1   .   4   1   .   .   .   .   .   2   4   .   .   .   .   7   .   .   .   .   .   .   .   .   .   .   .   .   .   .   .   .   .   .   .   .   .   .  |22
 23  PRP$   1   .   .   .   .   .   .   .   1   1   .   .   .   .   .   .   .   1   .   .   .   .   .  16   .   .   .   .   .   .   .   .   .   .   .   .   .   .   .   .   .   .   .   .   .  |20
 24   JJS   .   .   .   .   .   .   .   1   2   .   .   .   .   .   .   .   .   .   .   .   .   .   .   .   2   1   .   .   .   .   .   .   .   .   .   .   .   .   .   .   .   .   .   .   .  |6
 25   POS   2   .   .   .   .   .   .   .   .   .   .   .   .   .   .   .   .   .   .   .   .   .   .   .   .  19   .   .   .   .   .   .   .   .   .   .   .   .   .   .   .   .   .   .   .  |21
 26    ``   1   2   .   .   2   .   .   3   1   4   .   .   .   .   .   .   1   .   2   .   .   .   .   .   .   .   8   .   .   .   .   .   .   .   .   .   .   .   .   .   .   .   .   .   .  |24
 27    EX   .   .   .   .   .   .   .   .   .   .   .   .   .   .   .   .   .   .   .   .   .   .   .   .   .   .   .   .   .   .   .   .   .   .   .   .   .   .   .   .   .   .   .   .   .  |0
 28    ''   4   1   1   .   .   .   .   .   .   .   .   1   1   .   2   .   1   .   2   .   .   .   .   .   .   .   .   .  11   .   .   .   .   .   .   .   .   .   .   .   .   .   .   .   .  |24
 29    WP   .   .   .   .   .   .   .   1   .   1   .   .   .   .   .   .   .   .   .   .   .   .   .   .   .   2   .   .   .   4   .   .   .   .   .   .   .   .   .   .   .   .   .   .   .  |8
 30     :   .   1   .   .   .   .   .   .   .   1   4   .   .   1   .   .   .   .   .   .   .   .   .   .   .   .   1   .   .   .   .   .   .   .   .   .   .   .   .   .   .   .   .   .   .  |8
 31   JJR   .   .   .   .   2   .   .   .   2   .   .   .   .   .   .   .   .   .   .   1   .   .   .   .   .   .   .   .   .   .   .   1   .   .   .   .   .   .   .   .   .   .   .   .   .  |6
 32   WRB   .   .   .   .   .   .   1   1   .   .   .   .   .   .   .   .   .   .   1   .   .   .   .   .   .   .   .   .   .   .   .   .   4   .   .   .   .   .   .   .   .   .   .   .   .  |7
 33     $   .   .   2   .   .   .   .   .   .   1   .   .   .   .   .   .   .   .   .   .   .   .   .   .   .   .   .   .   .   .   .   .   .   5   .   .   .   .   .   .   .   .   .   .   .  |8
 34  NNPS   .   .   .   .   .   .   .   .   .   .   .   .   .   .   .   .   .   .   .   .   .   .   .   .   .   .   .   .   .   .   .   .   .   .   .   .   .   .   .   .   .   .   .   .   .  |0
 35   WP$   .   .   .   .   .   .   .   .   .   .   .   .   .   .   .   .   .   .   .   .   .   .   .   .   .   .   .   .   1   .   .   .   .   .   .   .   .   .   .   .   .   .   .   .   .  |1
 36 -LRB-   .   3   .   .   .   .   .   .   .   2   .   .   .   .   .   .   .   .   .   .   .   .   .   .   .   .   .   .   .   .   .   .   .   .   .   .   .   .   .   .   .   .   .   .   .  |5
 37 -RRB-   .   2   .   .   .   1   .   .   1   .   .   .   .   1   1   .   .   .   .   .   .   .   .   .   .   .   .   .   .   1   .   .   .   .   .   .   .   1   .   .   .   .   .   .   .  |8
 38   PDT   .   .   .   .   .   .   .   1   .   .   .   .   .   .   .   .   .   .   .   .   .   .   .   .   .   .   .   .   .   .   .   .   .   .   .   .   .   .   .   .   .   .   .   .   .  |1
 39   RBS   .   .   .   .   .   .   .   .   .   1   .   .   .   .   .   .   .   .   .   .   .   .   .   .   .   .   .   .   .   .   .   .   .   .   .   .   .   .   .   .   .   .   .   .   .  |1
 40    FW   .   .   .   .   .   .   .   .   2   .   .   .   .   .   .   .   .   .   .   .   .   .   .   .   .   .   .   .   .   .   .   .   .   .   .   .   .   .   .   .   .   .   .   .   .  |2
 41    UH   .   .   .   .   .   .   .   .   .   .   .   .   .   .   .   .   .   .   .   .   .   .   .   .   .   .   .   .   .   .   .   .   .   .   .   .   .   .   .   .   .   .   .   .   .  |0
 42   SYM   .   .   .   .   .   .   .   .   .   .   .   .   .   .   .   .   .   .   .   .   .   .   .   .   .   .   .   .   .   .   .   .   .   .   .   .   .   .   .   .   .   .   .   .   .  |0
 43    LS   2   .   .   .   .   .   .   .   .   .   .   .   .   .   .   .   .   .   .   .   .   .   .   .   .   .   .   .   .   .   1   .   .   .   .   .   .   .   .   .   .   .   .   .   .  |3
 44     #   .   .   .   .   .   .   .   .   .   .   .   .   .   .   .   .   .   .   .   .   .   .   .   .   .   .   .   .   .   .   .   .   .   .   .   .   .   .   .   .   .   .   .   .   .  |0

Trial 0 Trainer MaxEntTrainer,gaussianPriorVariance=1.0 test data accuracy= 0.6059616169865251

MaxEntTrainer,gaussianPriorVariance=1.0
Summary. train accuracy mean = 0.7271964005080622 stddev = 0.0 stderr = 0.0
Summary. test accuracy mean = 0.6059616169865251 stddev = 0.0 stderr = 0.0
