
-------------------- Trial 0  --------------------

Trial 0 Training MaxEntTrainer,gaussianPriorVariance=1.0 with 46451 instances
Trial 0 Training MaxEntTrainer,gaussianPriorVariance=1.0 finished
Trial 0 Trainer MaxEntTrainer,gaussianPriorVariance=1.0 training data accuracy= 0.763600353060214
Trial 0 Trainer MaxEntTrainer,gaussianPriorVariance=1.0 Test Data Confusion Matrix
Confusion Matrix, row=true, column=predicted  accuracy=0.5500204164965292
    label   0   1   2   3   4   5   6   7   8   9  10  11  12  13  14  15  16  17  18  19  20  21  22  23  24  25  26  27  28  29  30  31  32  33  34  35  36  37  38  39  40  41  42  43  44  |total
  0   NNP  54  41   4   4   6   2   .   3  58   5   2   1   .   7   3   1   1   4   .   .   .   .   .   .   .   6   .   .   .   3   .   .   .   .   .   .   2   .   .   .   .   .   .   .   .  |207
  1 comma   2  90   .   2   2   1   .   4   2  19   .   1   .   .   1   .   .   .   4   .   1   .   .   .   .   1   .   .   .   .   .   .   .   .   .   .   .   .   .   .   .   .   .   .   .  |130
  2    CD   2   3  22   3   2   1   1   3  11   8   .   .   1   1   .   1   2   2   .   1   .   .   .   2   .   .   .   .   .   .   .   .   .   2   .   .   1   .   .   .   .   .   .   .   .  |69
  3   NNS   2   8   .  56   2   1   .   7  21   7   2   .   .   1   2   1   .   8   .   .   1   2   .   .   .   .   .   .   .   .   .   .   .   .   .   .   .   .   .   .   .   .   .   .   .  |121
  4    JJ   4   8   1   7  41   .   1   1  48   9   2   1   .   .   1   1   3   6   .   .   .   .   .   .   .   2   .   .   1   .   .   .   .   .   .   .   .   .   .   .   .   .   .   .   .  |137
  5    MD   .   3   .   .   .  21   .   1   1   2   .   .   .   .   1   .   .   .   .   .   2   .   .   .   .   .   .   .   .   .   .   .   .   .   .   .   .   .   .   .   .   .   .   .   .  |31
  6    VB   .   .   .   .   1   .  70   3   4   1   .   .   .   1   .   .   1  10   1   .   .   .   .   1   .   .   .   .   .   .   .   1   .   .   .   .   .   .   .   .   .   .   .   .   .  |94
  7    DT   .   9   2   .   .   .   . 187   7  20   1   2   .   2   .   .   4   8   1   .   .   .   1   .   .   .   .   1   .   1   .   .   .   .   .   .   .   .   .   .   .   .   .   .   .  |246
  8    NN   8  21   4   1   7   2   2   5 241  15   2   3   2   5   2   .   4   4   1   .   2   .   .   1   .   6   1   .   1   .   .   .   .   .   .   .   .   .   .   .   .   .   .   .   .  |340
  9    IN   3  33   3   3   2   2   .  22  16 122   1   1   .   1   3   .   1  10   4   .   1   1   .   1   .   3   3   .   .   .   .   .   .   .   .   .   .   .   .   .   .   .   .   .   .  |236
 10     .   .   1   .   1   .   1   .   .   .   .  94   .   .   .   .   .   1   .   .   .   .   .   .   .   .   .   .   .   1   .   .   .   .   .   .   .   .   .   .   .   .   .   .   .   .  |99
 11   VBZ   4   8   .   3   .   .   1   .   4   3   2  27   .   2   .   .   .   4   .   .   .   3   .   .   .   2   .   .   .   1   .   .   .   .   .   .   .   3   .   .   .   .   .   .   .  |67
 12   VBG   1   4   .   2   1   .   1   5   7   .   .   .  14   1   .   2   .   2   2   .   .   1   2   1   .   .   .   .   .   .   .   .   .   .   .   .   .   .   .   .   .   .   .   .   .  |46
 13    CC   .  15   1   .   .   .   .   .   2   .   .   .   .  29   .   .   .   1   .   .   .   .   .   .   .   .   .   .   .   .   .   .   .   .   .   .   .   .   .   .   .   .   .   .   .  |48
 14   VBD   1  13   1   1   3   .   .   4   3   7   .   2   .   1  36   1   3   1   2   .   .   3   .   .   .   .   .   .   .   .   .   .   .   .   .   .   .   .   .   .   .   .   .   .   .  |82
 15   VBN   .   4   1   .   3   .   1   7   3   2   1   .   1   1   1  22   2   2   .   .   .   .   .   1   .   .   .   .   .   .   .   .   .   .   .   .   .   .   .   .   .   .   .   .   .  |52
 16    RB   2   6   1   1   2   .   1   7   6  11   .   1   .   2   1   1  28   3   4   .   .   .   2   .   .   .   1   .   .   .   .   1   .   .   .   .   .   .   .   .   .   .   .   .   .  |81
 17    TO   2   4   .   2   1   .   1   1   .   4   .   .   1   .   .   2   1  45   1   .   .   .   .   1   .   .   .   .   .   .   .   .   .   .   .   .   .   .   .   .   .   .   .   .   .  |66
 18   PRP   .   1   .   .   .   .   2   1   .   6   .   .   .   .   .   .   1   .  48   .   .   .   .   2   .   .   3   .   .   1   .   .   .   .   .   .   .   .   .   .   .   .   .   .   .  |65
 19   RBR   .   1   .   .   2   .   .   .   .   .   .   .   .   .   1   .   .   .   .   2   .   .   .   .   .   .   .   .   .   .   .   3   .   .   .   .   .   .   .   .   .   .   .   .   .  |9
 20   WDT   .   2   .   1   .   .   .   .   1   2   .   1   .   .   1   .   .   .   1   .   7   1   .   .   .   1   .   .   .   .   .   .   .   .   .   .   .   .   .   .   .   .   .   .   .  |18
 21   VBP   .   .   .   .   .   .   .   1   1   .   .   .   .   .   1   .   .   .   2   .   .  23   .   .   .   1   .   .   .   1   .   .   .   .   .   .   .   .   .   .   .   .   .   .   .  |30
 22    RP   .   3   .   .   .   .   .   1   .   4   1   .   .   .   .   .   2   4   .   .   .   .   7   .   .   .   .   .   .   .   .   .   .   .   .   .   .   .   .   .   .   .   .   .   .  |22
 23  PRP$   1   1   .   .   .   .   .   .   .   1   .   .   .   .   .   .   .   2   .   .   .   .   .  15   .   .   .   .   .   .   .   .   .   .   .   .   .   .   .   .   .   .   .   .   .  |20
 24   JJS   .   .   .   .   .   .   .   1   2   .   .   .   .   .   .   .   .   .   .   .   .   .   .   .   2   1   .   .   .   .   .   .   .   .   .   .   .   .   .   .   .   .   .   .   .  |6
 25   POS   3   1   .   .   .   .   .   .   .   .   .   .   .   .   .   .   .   .   .   .   .   .   .   .   .  17   .   .   .   .   .   .   .   .   .   .   .   .   .   .   .   .   .   .   .  |21
 26    ``   .   5   .   1   1   .   .   3   1   3   .   .   .   1   .   1   1   1   1   .   .   .   .   .   .   .   5   .   .   .   .   .   .   .   .   .   .   .   .   .   .   .   .   .   .  |24
 27    EX   .   .   .   .   .   .   .   .   .   .   .   .   .   .   .   .   .   .   .   .   .   .   .   .   .   .   .   .   .   .   .   .   .   .   .   .   .   .   .   .   .   .   .   .   .  |0
 28    ''   4   4   .   .   .   .   .   .   .   .   3   2   1   .   3   .   .   .   1   .   .   .   .   .   .   .   .   .   6   .   .   .   .   .   .   .   .   .   .   .   .   .   .   .   .  |24
 29    WP   .   1   .   .   .   .   .   1   .   2   .   .   .   .   .   .   .   .   .   .   .   .   .   .   .   1   .   .   .   3   .   .   .   .   .   .   .   .   .   .   .   .   .   .   .  |8
 30     :   .   1   .   .   .   .   .   .   .   2   4   .   .   1   .   .   .   .   .   .   .   .   .   .   .   .   .   .   .   .   .   .   .   .   .   .   .   .   .   .   .   .   .   .   .  |8
 31   JJR   .   1   .   .   1   .   .   .   2   .   .   .   .   .   .   .   .   .   .   .   .   .   .   .   .   .   .   .   .   .   .   2   .   .   .   .   .   .   .   .   .   .   .   .   .  |6
 32   WRB   .   1   .   .   .   .   1   1   .   .   .   .   .   1   .   .   .   .   .   .   .   .   .   .   .   .   .   .   .   .   .   .   3   .   .   .   .   .   .   .   .   .   .   .   .  |7
 33     $   .   .   1   .   .   .   .   .   .   .   .   .   .   .   .   .   .   .   .   .   .   .   .   .   .   .   .   .   .   .   .   .   .   7   .   .   .   .   .   .   .   .   .   .   .  |8
 34  NNPS   .   .   .   .   .   .   .   .   .   .   .   .   .   .   .   .   .   .   .   .   .   .   .   .   .   .   .   .   .   .   .   .   .   .   .   .   .   .   .   .   .   .   .   .   .  |0
 35   WP$   .   .   .   .   .   .   .   .   .   .   .   .   .   .   .   .   .   .   .   .   .   .   .   .   .   .   .   .   1   .   .   .   .   .   .   .   .   .   .   .   .   .   .   .   .  |1
 36 -LRB-   .   4   .   .   .   .   .   .   .   1   .   .   .   .   .   .   .   .   .   .   .   .   .   .   .   .   .   .   .   .   .   .   .   .   .   .   .   .   .   .   .   .   .   .   .  |5
 37 -RRB-   .   2   .   .   .   1   .   .   .   1   .   .   .   1   1   .   .   .   .   .   .   .   .   .   .   .   .   .   .   1   .   .   .   .   .   .   .   1   .   .   .   .   .   .   .  |8
 38   PDT   .   .   .   .   .   .   .   1   .   .   .   .   .   .   .   .   .   .   .   .   .   .   .   .   .   .   .   .   .   .   .   .   .   .   .   .   .   .   .   .   .   .   .   .   .  |1
 39   RBS   .   .   .   .   .   .   .   .   .   1   .   .   .   .   .   .   .   .   .   .   .   .   .   .   .   .   .   .   .   .   .   .   .   .   .   .   .   .   .   .   .   .   .   .   .  |1
 40    FW   .   .   .   .   .   .   .   .   2   .   .   .   .   .   .   .   .   .   .   .   .   .   .   .   .   .   .   .   .   .   .   .   .   .   .   .   .   .   .   .   .   .   .   .   .  |2
 41    UH   .   .   .   .   .   .   .   .   .   .   .   .   .   .   .   .   .   .   .   .   .   .   .   .   .   .   .   .   .   .   .   .   .   .   .   .   .   .   .   .   .   .   .   .   .  |0
 42   SYM   .   .   .   .   .   .   .   .   .   .   .   .   .   .   .   .   .   .   .   .   .   .   .   .   .   .   .   .   .   .   .   .   .   .   .   .   .   .   .   .   .   .   .   .   .  |0
 43    LS   .   .   2   .   .   .   .   .   .   .   .   1   .   .   .   .   .   .   .   .   .   .   .   .   .   .   .   .   .   .   .   .   .   .   .   .   .   .   .   .   .   .   .   .   .  |3
 44     #   .   .   .   .   .   .   .   .   .   .   .   .   .   .   .   .   .   .   .   .   .   .   .   .   .   .   .   .   .   .   .   .   .   .   .   .   .   .   .   .   .   .   .   .   .  |0

Trial 0 Trainer MaxEntTrainer,gaussianPriorVariance=1.0 test data accuracy= 0.5500204164965292

MaxEntTrainer,gaussianPriorVariance=1.0
Summary. train accuracy mean = 0.763600353060214 stddev = 0.0 stderr = 0.0
Summary. test accuracy mean = 0.5500204164965292 stddev = 0.0 stderr = 0.0
